<?xml version="1.0" encoding="UTF-8"?>
<!-- Generated by org.testng.reporters.JUnitReportReporter -->
<testsuite hostname="7FPB863" failures="0" tests="1" name="StaticPageTest" time="10.568" errors="0" timestamp="2025-02-17T15:01:27 IST" skipped="0">
  <testcase classname="StaticPageTest" name="testStaticPage" time="10.568"/>
</testsuite> <!-- StaticPageTest -->
